2023-11-23 05:09:18.970 INFO [main] [org.tacc.green1.tests.LoginTest.prepare(LoginTest.java:25)] - Preparation successful!
2023-11-23 14:38:18.406 INFO [main] [org.tacc.green1.tests.LoginTest.prepare(LoginTest.java:25)] - Preparation successful!
2023-11-23 14:38:23.532 INFO [main] [org.tacc.green1.tests.LoginTest.finish(LoginTest.java:43)] - Test finished
2023-11-23 15:28:41.227 INFO [main] [org.tacc.green1.util.Utils.initDriver(Utils.java:30)] - started driver initialization...
2023-11-23 15:28:43.282 INFO [main] [org.tacc.green1.tests.LoginTest.finish(LoginTest.java:48)] - Test finished
2023-11-23 15:30:24.683 INFO [main] [org.tacc.green1.util.Utils.initDriver(Utils.java:30)] - started driver initialization...
2023-11-23 15:30:25.770 INFO [main] [org.tacc.green1.tests.LoginTest.finish(LoginTest.java:46)] - Test finished
2023-11-23 15:38:34.484 INFO [main] [org.tacc.green1.util.Utils.initDriver(Utils.java:23)] - started driver initialization...
2023-11-23 15:38:35.565 INFO [main] [org.tacc.green1.tests.LoginTest.finish(LoginTest.java:46)] - Test finished
2023-11-23 15:39:49.854 INFO [main] [org.tacc.green1.util.Utils.initDriver(Utils.java:23)] - started driver initialization...
2023-11-23 15:39:50.885 INFO [main] [org.tacc.green1.util.Utils.initDriver(Utils.java:23)] - started driver initialization...
2023-11-23 15:39:53.268 INFO [main] [org.tacc.green1.tests.LoginTest.finish(LoginTest.java:46)] - Test finished
2023-11-23 15:44:04.488 INFO [main] [org.tacc.green1.util.Utils.initDriver(Utils.java:23)] - started driver initialization...
2023-11-23 15:44:08.553 INFO [main] [org.tacc.green1.tests.LoginTest.prepare(LoginTest.java:26)] - Preparation successful!
2023-11-23 15:44:13.084 INFO [main] [org.tacc.green1.tests.LoginTest.finish(LoginTest.java:44)] - Test finished
2023-11-23 15:45:39.268 INFO [main] [org.tacc.green1.util.Utils.initDriver(Utils.java:23)] - started driver initialization...
2023-11-23 15:45:43.218 INFO [main] [org.tacc.green1.tests.LoginTest.prepare(LoginTest.java:26)] - Preparation successful!
2023-11-23 15:45:47.823 INFO [main] [org.tacc.green1.tests.LoginTest.finish(LoginTest.java:44)] - Test finished
2023-11-23 15:46:56 | INFO  | Utils:23   | started driver initialization...
2023-11-23 15:47:00 | INFO  | LoginTest:26   | Preparation successful!
2023-11-23 15:47:05 | INFO  | LoginTest:44   | Test finished
2023-11-23 16:06:14 | INFO  | Utils:23 | started driver initialization...
2023-11-23 16:06:18 | INFO  | Utils:23 | started driver initialization...
2023-11-23 16:17:46 | INFO  | Utils:23 | started driver initialization...
2023-11-23 16:17:50 | INFO  | Utils:23 | started driver initialization...
2023-11-23 16:20:28 | INFO  | Utils:23 | started driver initialization...
2023-11-23 16:20:36 | INFO  | Utils:23 | started driver initialization...
2023-11-23 16:31:28 | INFO  | Utils:23 | started driver initialization...
2023-11-23 16:31:33 | INFO  | Utils:23 | started driver initialization...
2023-11-23 17:27:25 | INFO  | Utils:23 | started driver initialization...
2023-11-23 17:27:33 | INFO  | Utils:23 | started driver initialization...
2023-11-23 18:16:31 | INFO  | Utils:23 | started driver initialization...
2023-11-23 18:16:38 | INFO  | RegistrationDataWriter:21 | Writing new registration data entry to .\src\test\resources\registrationData.csv
2023-11-23 18:16:45 | INFO  | Utils:23 | started driver initialization...
2023-11-23 18:16:53 | INFO  | Utils:23 | started driver initialization...
2023-11-23 18:17:00 | INFO  | Utils:23 | started driver initialization...
2023-11-24 00:01:48.992 INFO [main] [org.tacc.green1.util.Utils.initDriver(Utils.java:23)] - started driver initialization...
2023-11-24 00:19:31.039 INFO [main] [org.tacc.green1.util.Utils.initDriver(Utils.java:23)] - started driver initialization...
2023-11-24 00:23:22.401 INFO [main] [org.tacc.green1.util.Utils.initDriver(Utils.java:23)] - started driver initialization...
2023-11-24 00:43:56.026 INFO [main] [org.tacc.green1.util.Utils.initDriver(Utils.java:23)] - started driver initialization...
2023-11-24 00:47:15.622 INFO [main] [org.tacc.green1.util.Utils.initDriver(Utils.java:23)] - started driver initialization...
2023-11-24 00:52:18.163 INFO [main] [org.tacc.green1.util.Utils.initDriver(Utils.java:23)] - started driver initialization...
2023-11-24 00:57:40.578 INFO [main] [org.tacc.green1.util.Utils.initDriver(Utils.java:23)] - started driver initialization...
2023-11-24 00:59:02.734 INFO [main] [org.tacc.green1.util.Utils.initDriver(Utils.java:23)] - started driver initialization...
2023-11-24 00:59:42.468 INFO [main] [org.tacc.green1.util.Utils.initDriver(Utils.java:23)] - started driver initialization...
2023-11-24 01:01:13.897 INFO [main] [org.tacc.green1.util.Utils.initDriver(Utils.java:23)] - started driver initialization...
2023-11-24 01:04:22.809 INFO [main] [org.tacc.green1.util.Utils.initDriver(Utils.java:23)] - started driver initialization...
2023-11-24 01:06:35.951 INFO [main] [org.tacc.green1.util.Utils.initDriver(Utils.java:23)] - started driver initialization...
2023-11-24 01:06:53.543 INFO [main] [org.tacc.green1.util.Utils.initDriver(Utils.java:23)] - started driver initialization...
2023-11-24 01:09:33.042 INFO [main] [org.tacc.green1.util.Utils.initDriver(Utils.java:23)] - started driver initialization...
2023-11-24 01:10:22.842 INFO [main] [org.tacc.green1.util.Utils.initDriver(Utils.java:23)] - started driver initialization...
2023-11-24 01:12:09.861 INFO [main] [org.tacc.green1.util.Utils.initDriver(Utils.java:23)] - started driver initialization...
2023-11-24 01:18:16.701 INFO [main] [org.tacc.green1.util.Utils.initDriver(Utils.java:23)] - started driver initialization...
2023-11-24 08:48:01 | INFO  | Utils:24 | started driver initialization...
2023-11-24 08:48:24 | INFO  | Utils:24 | started driver initialization...
2023-11-24 10:01:33 | INFO  | Utils:24 | started driver initialization...
2023-11-24 10:06:09 | INFO  | Utils:24 | started driver initialization...
2023-11-24 10:10:07 | INFO  | Utils:24 | started driver initialization...
2023-11-24 10:25:06 | INFO  | Utils:24 | started driver initialization...
2023-11-24 10:35:00 | INFO  | Utils:24 | started driver initialization...
2023-11-24 11:15:24 | INFO  | Utils:24 | started driver initialization...
2023-11-24 11:15:29 | ERROR | MainPage:69 | user volodymyr.nakonechnyi@gmail.com is not logged in, check out your method call order
2023-11-24 11:16:43 | INFO  | Utils:24 | started driver initialization...
2023-11-24 11:16:51 | INFO  | MainPage:65 | user volodymyr.nakonechnyi@gmail.com is logged in
2023-11-24 11:18:09 | INFO  | Utils:24 | started driver initialization...
2023-11-24 11:18:17 | INFO  | MainPage:65 | user volodymyr.nakonechnyi@gmail.com is logged in
2023-11-24 11:19:32 | INFO  | Utils:24 | started driver initialization...
2023-11-24 11:19:40 | INFO  | MainPage:65 | user volodymyr.nakonechnyi@gmail.com is logged in
2023-11-24 11:20:21 | INFO  | Utils:24 | started driver initialization...
2023-11-24 11:20:28 | INFO  | MainPage:65 | user volodymyr.nakonechnyi@gmail.com is logged in
2023-11-24 11:42:24 | INFO  | Utils:24 | started driver initialization...
2023-11-24 11:42:33 | INFO  | MainPage:65 | user volodymyr.nakonechnyi@gmail.com is logged in
2023-11-24 11:42:47 | INFO  | MainPage:65 | user volodymyr.nakonechnyi@gmail.com is logged in
2023-11-24 11:45:23 | INFO  | Utils:24 | started driver initialization...
2023-11-24 11:45:31 | INFO  | MainPage:65 | user volodymyr.nakonechnyi@gmail.com is logged in
2023-11-24 11:45:45 | INFO  | MainPage:65 | user volodymyr.nakonechnyi@gmail.com is logged in
2023-11-24 11:46:24 | INFO  | Utils:24 | started driver initialization...
2023-11-24 11:46:33 | INFO  | Utils:24 | started driver initialization...
2023-11-24 11:46:40 | INFO  | Utils:24 | started driver initialization...
2023-11-24 11:46:47 | INFO  | Utils:24 | started driver initialization...
2023-11-24 11:46:53 | INFO  | RegistrationDataWriter:21 | Writing new registration data entry to .\src\test\resources\registrationData.csv
2023-11-24 11:46:53 | INFO  | Utils:24 | started driver initialization...
2023-11-24 11:47:00 | INFO  | MainPage:65 | user volodymyr.nakonechnyi@gmail.com is logged in
2023-11-24 11:47:14 | INFO  | MainPage:65 | user volodymyr.nakonechnyi@gmail.com is logged in
2023-11-24 15:05:01 | INFO  | Utils:24 | started driver initialization...
2023-11-24 15:05:09 | INFO  | Utils:24 | started driver initialization...
2023-11-24 15:05:16 | INFO  | Utils:24 | started driver initialization...
2023-11-24 15:05:23 | INFO  | Utils:24 | started driver initialization...
2023-11-24 15:15:00 | INFO  | Utils:24 | started driver initialization...
2023-11-24 15:15:11 | INFO  | Utils:24 | started driver initialization...
2023-11-24 15:15:22 | INFO  | Utils:24 | started driver initialization...
2023-11-24 15:15:33 | INFO  | Utils:24 | started driver initialization...
2023-11-24 15:16:51 | INFO  | Utils:24 | started driver initialization...
2023-11-24 15:16:59 | INFO  | Utils:24 | started driver initialization...
2023-11-24 15:17:07 | INFO  | Utils:24 | started driver initialization...
2023-11-24 15:17:16 | INFO  | Utils:24 | started driver initialization...
2023-11-24 16:01:47 | INFO  | Utils:24 | started driver initialization...
2023-11-24 16:01:55 | INFO  | Utils:24 | started driver initialization...
2023-11-24 16:02:03 | INFO  | Utils:24 | started driver initialization...
2023-11-24 16:02:11 | INFO  | Utils:24 | started driver initialization...
2023-11-24 16:39:24 | INFO  | Utils:24 | started driver initialization...
2023-11-24 16:39:33 | INFO  | Utils:24 | started driver initialization...
2023-11-24 16:39:41 | INFO  | Utils:24 | started driver initialization...
2023-11-24 16:39:49 | INFO  | Utils:24 | started driver initialization...
2023-11-24 16:39:57 | INFO  | Utils:24 | started driver initialization...
2023-11-24 16:40:03 | INFO  | RegistrationDataWriter:21 | Writing new registration data entry to .\src\test\resources\registrationData.csv
2023-11-24 16:40:03 | INFO  | Utils:24 | started driver initialization...
2023-11-24 16:40:11 | INFO  | MainPage:57 | user volodymyr.nakonechnyi@gmail.com is logged in
2023-11-24 16:40:22 | INFO  | MainPage:57 | user volodymyr.nakonechnyi@gmail.com is logged in
2023-11-25 12:15:08 | INFO  | Utils:24 | started driver initialization...
2023-11-25 12:15:17 | INFO  | MainPage:57 | user volodymyr.nakonechnyi@gmail.com is logged in
2023-11-25 12:15:28 | INFO  | MainPage:57 | user volodymyr.nakonechnyi@gmail.com is logged in
2023-11-25 12:26:03 | INFO  | Utils:24 | started driver initialization...
2023-11-25 12:26:13 | INFO  | Utils:24 | started driver initialization...
2023-11-25 12:26:21 | INFO  | Utils:24 | started driver initialization...
2023-11-25 12:26:30 | INFO  | Utils:24 | started driver initialization...
2023-11-25 12:26:38 | INFO  | Utils:24 | started driver initialization...
2023-11-25 12:26:46 | INFO  | Utils:24 | started driver initialization...
2023-11-25 12:26:54 | INFO  | Utils:24 | started driver initialization...
2023-11-25 12:27:00 | INFO  | RegistrationDataWriter:21 | Writing new registration data entry to .\src\test\resources\registrationData.csv
2023-11-25 12:27:00 | INFO  | Utils:24 | started driver initialization...
2023-11-25 12:27:08 | INFO  | MainPage:58 | user volodymyr.nakonechnyi@gmail.com is logged in
2023-11-25 12:27:19 | INFO  | MainPage:58 | user volodymyr.nakonechnyi@gmail.com is logged in
2023-11-25 12:34:39 | INFO  | Utils:24 | started driver initialization...
2023-11-25 12:34:48 | INFO  | MainPage:54 | user volodymyr.nakonechnyi@gmail.com is logged in
2023-11-25 12:34:59 | INFO  | MainPage:54 | user volodymyr.nakonechnyi@gmail.com is logged in
2023-11-25 12:35:03 | INFO  | Utils:24 | started driver initialization...
2023-11-25 12:35:12 | INFO  | MainPage:54 | user volodymyr.nakonechnyi@gmail.com is logged in
2023-11-25 12:35:22 | INFO  | MainPage:54 | user volodymyr.nakonechnyi@gmail.com is logged in
2023-11-25 16:13:00 | INFO  | Utils:24 | started driver initialization...
2023-11-25 16:25:50 | INFO  | Utils:24 | started driver initialization...
2023-11-25 16:25:59 | INFO  | Utils:24 | started driver initialization...
2023-11-25 16:26:08 | INFO  | Utils:24 | started driver initialization...
2023-11-25 16:26:16 | INFO  | Utils:24 | started driver initialization...
2023-11-25 16:26:24 | INFO  | Utils:24 | started driver initialization...
2023-11-25 16:26:32 | INFO  | Utils:24 | started driver initialization...
2023-11-26 04:30:31 | INFO  | Utils:24 | started driver initialization...
2023-11-26 04:30:38 | INFO  | Utils:24 | started driver initialization...
2023-11-26 04:31:52 | INFO  | Utils:24 | started driver initialization...
2023-11-26 04:31:58 | INFO  | Utils:24 | started driver initialization...
2023-11-26 04:32:52 | INFO  | Utils:24 | started driver initialization...
2023-11-26 04:32:58 | INFO  | Utils:24 | started driver initialization...
2023-11-26 04:33:01 | WARN  | MainPage:89 | The user is not logged in
org.openqa.selenium.NoSuchWindowException: no such window: target window already closed
from unknown error: web view not found
  (Session info: chrome=119.0.6045.160)
Build info: version: '4.15.0', revision: '1d14b5521b'
System info: os.name: 'Windows 10', os.arch: 'amd64', os.version: '10.0', java.version: '21.0.1'
Driver info: org.openqa.selenium.chrome.ChromeDriver
Command: [c0ca11a0617921ae388a6b2cd7e22a77, findElement {using=xpath, value=/html/body/div[2]/header/div[1]/div/ul/li[1]/span}]
Capabilities {acceptInsecureCerts: false, browserName: chrome, browserVersion: 119.0.6045.160, chrome: {chromedriverVersion: 119.0.6045.105 (38c72552c5e..., userDataDir: C:\Users\Darklight\AppData\...}, fedcm:accounts: true, goog:chromeOptions: {debuggerAddress: localhost:13567}, networkConnectionEnabled: false, pageLoadStrategy: normal, platformName: windows, proxy: Proxy(), se:cdp: ws://localhost:13567/devtoo..., se:cdpVersion: 119.0.6045.160, setWindowRect: true, strictFileInteractability: false, timeouts: {implicit: 0, pageLoad: 300000, script: 30000}, unhandledPromptBehavior: dismiss and notify, webauthn:extension:credBlob: true, webauthn:extension:largeBlob: true, webauthn:extension:minPinLength: true, webauthn:extension:prf: true, webauthn:virtualAuthenticators: true}
Session ID: c0ca11a0617921ae388a6b2cd7e22a77
	at jdk.internal.reflect.DirectConstructorHandleAccessor.newInstance(DirectConstructorHandleAccessor.java:62) ~[?:?]
	at java.lang.reflect.Constructor.newInstanceWithCaller(Constructor.java:502) ~[?:?]
	at java.lang.reflect.Constructor.newInstance(Constructor.java:486) ~[?:?]
	at org.openqa.selenium.remote.codec.w3c.W3CHttpResponseCodec.createException(W3CHttpResponseCodec.java:200) ~[selenium-remote-driver-4.15.0.jar:?]
	at org.openqa.selenium.remote.codec.w3c.W3CHttpResponseCodec.decode(W3CHttpResponseCodec.java:133) ~[selenium-remote-driver-4.15.0.jar:?]
	at org.openqa.selenium.remote.codec.w3c.W3CHttpResponseCodec.decode(W3CHttpResponseCodec.java:52) ~[selenium-remote-driver-4.15.0.jar:?]
	at org.openqa.selenium.remote.HttpCommandExecutor.execute(HttpCommandExecutor.java:191) ~[selenium-remote-driver-4.15.0.jar:?]
	at org.openqa.selenium.remote.service.DriverCommandExecutor.invokeExecute(DriverCommandExecutor.java:200) ~[selenium-remote-driver-4.15.0.jar:?]
	at org.openqa.selenium.remote.service.DriverCommandExecutor.execute(DriverCommandExecutor.java:175) ~[selenium-remote-driver-4.15.0.jar:?]
	at org.openqa.selenium.remote.RemoteWebDriver.execute(RemoteWebDriver.java:607) ~[selenium-remote-driver-4.15.0.jar:?]
	at org.openqa.selenium.remote.ElementLocation$ElementFinder$2.findElement(ElementLocation.java:165) ~[selenium-remote-driver-4.15.0.jar:?]
	at org.openqa.selenium.remote.ElementLocation.findElement(ElementLocation.java:59) ~[selenium-remote-driver-4.15.0.jar:?]
	at org.openqa.selenium.remote.RemoteWebDriver.findElement(RemoteWebDriver.java:364) ~[selenium-remote-driver-4.15.0.jar:?]
	at org.openqa.selenium.remote.RemoteWebDriver.findElement(RemoteWebDriver.java:358) ~[selenium-remote-driver-4.15.0.jar:?]
	at org.openqa.selenium.support.pagefactory.DefaultElementLocator.findElement(DefaultElementLocator.java:68) ~[selenium-support-4.15.0.jar:?]
	at org.openqa.selenium.support.pagefactory.internal.LocatingElementHandler.invoke(LocatingElementHandler.java:38) ~[selenium-support-4.15.0.jar:?]
	at jdk.proxy2.$Proxy32.isDisplayed(Unknown Source) ~[?:?]
	at org.openqa.selenium.support.ui.ExpectedConditions.elementIfVisible(ExpectedConditions.java:304) ~[selenium-support-4.15.0.jar:?]
	at org.openqa.selenium.support.ui.ExpectedConditions$10.apply(ExpectedConditions.java:290) ~[selenium-support-4.15.0.jar:?]
	at org.openqa.selenium.support.ui.ExpectedConditions$10.apply(ExpectedConditions.java:287) ~[selenium-support-4.15.0.jar:?]
	at org.openqa.selenium.support.ui.FluentWait.until(FluentWait.java:204) ~[selenium-support-4.15.0.jar:?]
	at org.tacc.green1.pages.MainPage.isLoggedIn(MainPage.java:83) ~[test-classes/:?]
	at org.tacc.green1.tests.LoginTest.loginTest(LoginTest.java:35) ~[test-classes/:?]
	at jdk.internal.reflect.DirectMethodHandleAccessor.invoke(DirectMethodHandleAccessor.java:103) ~[?:?]
	at java.lang.reflect.Method.invoke(Method.java:580) ~[?:?]
	at org.junit.platform.commons.util.ReflectionUtils.invokeMethod(ReflectionUtils.java:728) ~[junit-platform-commons-1.10.0.jar:1.10.0]
	at org.junit.jupiter.engine.execution.MethodInvocation.proceed(MethodInvocation.java:60) ~[junit-jupiter-engine-5.10.0.jar:5.10.0]
	at org.junit.jupiter.engine.execution.InvocationInterceptorChain$ValidatingInvocation.proceed(InvocationInterceptorChain.java:131) ~[junit-jupiter-engine-5.10.0.jar:5.10.0]
	at org.junit.jupiter.engine.extension.TimeoutExtension.intercept(TimeoutExtension.java:156) ~[junit-jupiter-engine-5.10.0.jar:5.10.0]
	at org.junit.jupiter.engine.extension.TimeoutExtension.interceptTestableMethod(TimeoutExtension.java:147) ~[junit-jupiter-engine-5.10.0.jar:5.10.0]
	at org.junit.jupiter.engine.extension.TimeoutExtension.interceptTestTemplateMethod(TimeoutExtension.java:94) ~[junit-jupiter-engine-5.10.0.jar:5.10.0]
	at org.junit.jupiter.engine.execution.InterceptingExecutableInvoker$ReflectiveInterceptorCall.lambda$ofVoidMethod$0(InterceptingExecutableInvoker.java:103) ~[junit-jupiter-engine-5.10.0.jar:5.10.0]
	at org.junit.jupiter.engine.execution.InterceptingExecutableInvoker.lambda$invoke$0(InterceptingExecutableInvoker.java:93) ~[junit-jupiter-engine-5.10.0.jar:5.10.0]
	at org.junit.jupiter.engine.execution.InvocationInterceptorChain$InterceptedInvocation.proceed(InvocationInterceptorChain.java:106) ~[junit-jupiter-engine-5.10.0.jar:5.10.0]
	at org.junit.jupiter.engine.execution.InvocationInterceptorChain.proceed(InvocationInterceptorChain.java:64) ~[junit-jupiter-engine-5.10.0.jar:5.10.0]
	at org.junit.jupiter.engine.execution.InvocationInterceptorChain.chainAndInvoke(InvocationInterceptorChain.java:45) ~[junit-jupiter-engine-5.10.0.jar:5.10.0]
	at org.junit.jupiter.engine.execution.InvocationInterceptorChain.invoke(InvocationInterceptorChain.java:37) ~[junit-jupiter-engine-5.10.0.jar:5.10.0]
	at org.junit.jupiter.engine.execution.InterceptingExecutableInvoker.invoke(InterceptingExecutableInvoker.java:92) ~[junit-jupiter-engine-5.10.0.jar:5.10.0]
	at org.junit.jupiter.engine.execution.InterceptingExecutableInvoker.invoke(InterceptingExecutableInvoker.java:86) ~[junit-jupiter-engine-5.10.0.jar:5.10.0]
	at org.junit.jupiter.engine.descriptor.TestMethodTestDescriptor.lambda$invokeTestMethod$7(TestMethodTestDescriptor.java:218) ~[junit-jupiter-engine-5.10.0.jar:5.10.0]
	at org.junit.platform.engine.support.hierarchical.ThrowableCollector.execute(ThrowableCollector.java:73) ~[junit-platform-engine-1.10.0.jar:1.10.0]
	at org.junit.jupiter.engine.descriptor.TestMethodTestDescriptor.invokeTestMethod(TestMethodTestDescriptor.java:214) ~[junit-jupiter-engine-5.10.0.jar:5.10.0]
	at org.junit.jupiter.engine.descriptor.TestMethodTestDescriptor.execute(TestMethodTestDescriptor.java:139) ~[junit-jupiter-engine-5.10.0.jar:5.10.0]
	at org.junit.jupiter.engine.descriptor.TestMethodTestDescriptor.execute(TestMethodTestDescriptor.java:69) ~[junit-jupiter-engine-5.10.0.jar:5.10.0]
	at org.junit.platform.engine.support.hierarchical.NodeTestTask.lambda$executeRecursively$6(NodeTestTask.java:151) ~[junit-platform-engine-1.10.0.jar:1.10.0]
	at org.junit.platform.engine.support.hierarchical.ThrowableCollector.execute(ThrowableCollector.java:73) ~[junit-platform-engine-1.10.0.jar:1.10.0]
	at org.junit.platform.engine.support.hierarchical.NodeTestTask.lambda$executeRecursively$8(NodeTestTask.java:141) ~[junit-platform-engine-1.10.0.jar:1.10.0]
	at org.junit.platform.engine.support.hierarchical.Node.around(Node.java:137) ~[junit-platform-engine-1.10.0.jar:1.10.0]
	at org.junit.platform.engine.support.hierarchical.NodeTestTask.lambda$executeRecursively$9(NodeTestTask.java:139) ~[junit-platform-engine-1.10.0.jar:1.10.0]
	at org.junit.platform.engine.support.hierarchical.ThrowableCollector.execute(ThrowableCollector.java:73) ~[junit-platform-engine-1.10.0.jar:1.10.0]
	at org.junit.platform.engine.support.hierarchical.NodeTestTask.executeRecursively(NodeTestTask.java:138) ~[junit-platform-engine-1.10.0.jar:1.10.0]
	at org.junit.platform.engine.support.hierarchical.NodeTestTask.execute(NodeTestTask.java:95) ~[junit-platform-engine-1.10.0.jar:1.10.0]
	at org.junit.platform.engine.support.hierarchical.SameThreadHierarchicalTestExecutorService.submit(SameThreadHierarchicalTestExecutorService.java:35) ~[junit-platform-engine-1.10.0.jar:1.10.0]
	at org.junit.platform.engine.support.hierarchical.NodeTestTask$DefaultDynamicTestExecutor.execute(NodeTestTask.java:226) ~[junit-platform-engine-1.10.0.jar:1.10.0]
	at org.junit.platform.engine.support.hierarchical.NodeTestTask$DefaultDynamicTestExecutor.execute(NodeTestTask.java:204) ~[junit-platform-engine-1.10.0.jar:1.10.0]
	at org.junit.jupiter.engine.descriptor.TestTemplateTestDescriptor.execute(TestTemplateTestDescriptor.java:142) ~[junit-jupiter-engine-5.10.0.jar:5.10.0]
	at org.junit.jupiter.engine.descriptor.TestTemplateTestDescriptor.lambda$execute$2(TestTemplateTestDescriptor.java:110) ~[junit-jupiter-engine-5.10.0.jar:5.10.0]
	at java.util.stream.ForEachOps$ForEachOp$OfRef.accept(ForEachOps.java:184) ~[?:?]
	at java.util.stream.ReferencePipeline$3$1.accept(ReferencePipeline.java:197) ~[?:?]
	at java.util.stream.ReferencePipeline$2$1.accept(ReferencePipeline.java:179) ~[?:?]
	at java.util.stream.ReferencePipeline$3$1.accept(ReferencePipeline.java:197) ~[?:?]
	at java.util.stream.ForEachOps$ForEachOp$OfRef.accept(ForEachOps.java:184) ~[?:?]
	at java.util.stream.ReferencePipeline$3$1.accept(ReferencePipeline.java:197) ~[?:?]
	at java.util.stream.ReferencePipeline$3$1.accept(ReferencePipeline.java:197) ~[?:?]
	at java.util.stream.ReferencePipeline$3$1.accept(ReferencePipeline.java:197) ~[?:?]
	at java.util.stream.ForEachOps$ForEachOp$OfRef.accept(ForEachOps.java:184) ~[?:?]
	at java.util.Iterator.forEachRemaining(Iterator.java:133) ~[?:?]
	at java.util.Spliterators$IteratorSpliterator.forEachRemaining(Spliterators.java:1939) ~[?:?]
	at java.util.stream.ReferencePipeline$Head.forEach(ReferencePipeline.java:762) ~[?:?]
	at java.util.stream.ReferencePipeline$7$1.accept(ReferencePipeline.java:276) ~[?:?]
	at java.util.stream.ReferencePipeline$3$1.accept(ReferencePipeline.java:197) ~[?:?]
	at java.util.stream.ReferencePipeline$3$1.accept(ReferencePipeline.java:197) ~[?:?]
	at java.util.ArrayList$ArrayListSpliterator.forEachRemaining(ArrayList.java:1708) ~[?:?]
	at java.util.stream.AbstractPipeline.copyInto(AbstractPipeline.java:509) ~[?:?]
	at java.util.stream.AbstractPipeline.wrapAndCopyInto(AbstractPipeline.java:499) ~[?:?]
	at java.util.stream.ForEachOps$ForEachOp.evaluateSequential(ForEachOps.java:151) ~[?:?]
	at java.util.stream.ForEachOps$ForEachOp$OfRef.evaluateSequential(ForEachOps.java:174) ~[?:?]
	at java.util.stream.AbstractPipeline.evaluate(AbstractPipeline.java:234) ~[?:?]
	at java.util.stream.ReferencePipeline.forEach(ReferencePipeline.java:596) ~[?:?]
	at java.util.stream.ReferencePipeline$7$1.accept(ReferencePipeline.java:276) ~[?:?]
	at java.util.stream.ReferencePipeline$3$1.accept(ReferencePipeline.java:197) ~[?:?]
	at java.util.stream.ReferencePipeline$3$1.accept(ReferencePipeline.java:197) ~[?:?]
	at java.util.stream.ReferencePipeline$3$1.accept(ReferencePipeline.java:197) ~[?:?]
	at java.util.ArrayList$ArrayListSpliterator.forEachRemaining(ArrayList.java:1708) ~[?:?]
	at java.util.stream.AbstractPipeline.copyInto(AbstractPipeline.java:509) ~[?:?]
	at java.util.stream.AbstractPipeline.wrapAndCopyInto(AbstractPipeline.java:499) ~[?:?]
	at java.util.stream.ForEachOps$ForEachOp.evaluateSequential(ForEachOps.java:151) ~[?:?]
	at java.util.stream.ForEachOps$ForEachOp$OfRef.evaluateSequential(ForEachOps.java:174) ~[?:?]
	at java.util.stream.AbstractPipeline.evaluate(AbstractPipeline.java:234) ~[?:?]
	at java.util.stream.ReferencePipeline.forEach(ReferencePipeline.java:596) ~[?:?]
	at java.util.stream.ReferencePipeline$7$1.accept(ReferencePipeline.java:276) ~[?:?]
	at java.util.ArrayList$ArrayListSpliterator.forEachRemaining(ArrayList.java:1708) ~[?:?]
	at java.util.stream.AbstractPipeline.copyInto(AbstractPipeline.java:509) ~[?:?]
	at java.util.stream.AbstractPipeline.wrapAndCopyInto(AbstractPipeline.java:499) ~[?:?]
	at java.util.stream.ForEachOps$ForEachOp.evaluateSequential(ForEachOps.java:151) ~[?:?]
	at java.util.stream.ForEachOps$ForEachOp$OfRef.evaluateSequential(ForEachOps.java:174) ~[?:?]
	at java.util.stream.AbstractPipeline.evaluate(AbstractPipeline.java:234) ~[?:?]
	at java.util.stream.ReferencePipeline.forEach(ReferencePipeline.java:596) ~[?:?]
	at org.junit.jupiter.engine.descriptor.TestTemplateTestDescriptor.execute(TestTemplateTestDescriptor.java:110) ~[junit-jupiter-engine-5.10.0.jar:5.10.0]
	at org.junit.jupiter.engine.descriptor.TestTemplateTestDescriptor.execute(TestTemplateTestDescriptor.java:44) ~[junit-jupiter-engine-5.10.0.jar:5.10.0]
	at org.junit.platform.engine.support.hierarchical.NodeTestTask.lambda$executeRecursively$6(NodeTestTask.java:151) ~[junit-platform-engine-1.10.0.jar:1.10.0]
	at org.junit.platform.engine.support.hierarchical.ThrowableCollector.execute(ThrowableCollector.java:73) ~[junit-platform-engine-1.10.0.jar:1.10.0]
	at org.junit.platform.engine.support.hierarchical.NodeTestTask.lambda$executeRecursively$8(NodeTestTask.java:141) ~[junit-platform-engine-1.10.0.jar:1.10.0]
	at org.junit.platform.engine.support.hierarchical.Node.around(Node.java:137) ~[junit-platform-engine-1.10.0.jar:1.10.0]
	at org.junit.platform.engine.support.hierarchical.NodeTestTask.lambda$executeRecursively$9(NodeTestTask.java:139) ~[junit-platform-engine-1.10.0.jar:1.10.0]
	at org.junit.platform.engine.support.hierarchical.ThrowableCollector.execute(ThrowableCollector.java:73) ~[junit-platform-engine-1.10.0.jar:1.10.0]
	at org.junit.platform.engine.support.hierarchical.NodeTestTask.executeRecursively(NodeTestTask.java:138) ~[junit-platform-engine-1.10.0.jar:1.10.0]
	at org.junit.platform.engine.support.hierarchical.NodeTestTask.execute(NodeTestTask.java:95) ~[junit-platform-engine-1.10.0.jar:1.10.0]
	at java.util.ArrayList.forEach(ArrayList.java:1596) ~[?:?]
	at org.junit.platform.engine.support.hierarchical.SameThreadHierarchicalTestExecutorService.invokeAll(SameThreadHierarchicalTestExecutorService.java:41) ~[junit-platform-engine-1.10.0.jar:1.10.0]
	at org.junit.platform.engine.support.hierarchical.NodeTestTask.lambda$executeRecursively$6(NodeTestTask.java:155) ~[junit-platform-engine-1.10.0.jar:1.10.0]
	at org.junit.platform.engine.support.hierarchical.ThrowableCollector.execute(ThrowableCollector.java:73) ~[junit-platform-engine-1.10.0.jar:1.10.0]
	at org.junit.platform.engine.support.hierarchical.NodeTestTask.lambda$executeRecursively$8(NodeTestTask.java:141) ~[junit-platform-engine-1.10.0.jar:1.10.0]
	at org.junit.platform.engine.support.hierarchical.Node.around(Node.java:137) ~[junit-platform-engine-1.10.0.jar:1.10.0]
	at org.junit.platform.engine.support.hierarchical.NodeTestTask.lambda$executeRecursively$9(NodeTestTask.java:139) ~[junit-platform-engine-1.10.0.jar:1.10.0]
	at org.junit.platform.engine.support.hierarchical.ThrowableCollector.execute(ThrowableCollector.java:73) ~[junit-platform-engine-1.10.0.jar:1.10.0]
	at org.junit.platform.engine.support.hierarchical.NodeTestTask.executeRecursively(NodeTestTask.java:138) ~[junit-platform-engine-1.10.0.jar:1.10.0]
	at org.junit.platform.engine.support.hierarchical.NodeTestTask.execute(NodeTestTask.java:95) ~[junit-platform-engine-1.10.0.jar:1.10.0]
	at java.util.ArrayList.forEach(ArrayList.java:1596) ~[?:?]
	at org.junit.platform.engine.support.hierarchical.SameThreadHierarchicalTestExecutorService.invokeAll(SameThreadHierarchicalTestExecutorService.java:41) ~[junit-platform-engine-1.10.0.jar:1.10.0]
	at org.junit.platform.engine.support.hierarchical.NodeTestTask.lambda$executeRecursively$6(NodeTestTask.java:155) ~[junit-platform-engine-1.10.0.jar:1.10.0]
	at org.junit.platform.engine.support.hierarchical.ThrowableCollector.execute(ThrowableCollector.java:73) ~[junit-platform-engine-1.10.0.jar:1.10.0]
	at org.junit.platform.engine.support.hierarchical.NodeTestTask.lambda$executeRecursively$8(NodeTestTask.java:141) ~[junit-platform-engine-1.10.0.jar:1.10.0]
	at org.junit.platform.engine.support.hierarchical.Node.around(Node.java:137) ~[junit-platform-engine-1.10.0.jar:1.10.0]
	at org.junit.platform.engine.support.hierarchical.NodeTestTask.lambda$executeRecursively$9(NodeTestTask.java:139) ~[junit-platform-engine-1.10.0.jar:1.10.0]
	at org.junit.platform.engine.support.hierarchical.ThrowableCollector.execute(ThrowableCollector.java:73) ~[junit-platform-engine-1.10.0.jar:1.10.0]
	at org.junit.platform.engine.support.hierarchical.NodeTestTask.executeRecursively(NodeTestTask.java:138) ~[junit-platform-engine-1.10.0.jar:1.10.0]
	at org.junit.platform.engine.support.hierarchical.NodeTestTask.execute(NodeTestTask.java:95) ~[junit-platform-engine-1.10.0.jar:1.10.0]
	at org.junit.platform.engine.support.hierarchical.SameThreadHierarchicalTestExecutorService.submit(SameThreadHierarchicalTestExecutorService.java:35) ~[junit-platform-engine-1.10.0.jar:1.10.0]
	at org.junit.platform.engine.support.hierarchical.HierarchicalTestExecutor.execute(HierarchicalTestExecutor.java:57) ~[junit-platform-engine-1.10.0.jar:1.10.0]
	at org.junit.platform.engine.support.hierarchical.HierarchicalTestEngine.execute(HierarchicalTestEngine.java:54) ~[junit-platform-engine-1.10.0.jar:1.10.0]
	at org.junit.platform.launcher.core.EngineExecutionOrchestrator.execute(EngineExecutionOrchestrator.java:198) ~[junit-platform-launcher-1.10.0.jar:1.10.0]
	at org.junit.platform.launcher.core.EngineExecutionOrchestrator.execute(EngineExecutionOrchestrator.java:169) ~[junit-platform-launcher-1.10.0.jar:1.10.0]
	at org.junit.platform.launcher.core.EngineExecutionOrchestrator.execute(EngineExecutionOrchestrator.java:93) ~[junit-platform-launcher-1.10.0.jar:1.10.0]
	at org.junit.platform.launcher.core.EngineExecutionOrchestrator.lambda$execute$0(EngineExecutionOrchestrator.java:58) ~[junit-platform-launcher-1.10.0.jar:1.10.0]
	at org.junit.platform.launcher.core.EngineExecutionOrchestrator.withInterceptedStreams(EngineExecutionOrchestrator.java:141) [junit-platform-launcher-1.10.0.jar:1.10.0]
	at org.junit.platform.launcher.core.EngineExecutionOrchestrator.execute(EngineExecutionOrchestrator.java:57) [junit-platform-launcher-1.10.0.jar:1.10.0]
	at org.junit.platform.launcher.core.DefaultLauncher.execute(DefaultLauncher.java:103) [junit-platform-launcher-1.10.0.jar:1.10.0]
	at org.junit.platform.launcher.core.DefaultLauncher.execute(DefaultLauncher.java:85) [junit-platform-launcher-1.10.0.jar:1.10.0]
	at org.junit.platform.launcher.core.DelegatingLauncher.execute(DelegatingLauncher.java:47) [junit-platform-launcher-1.10.0.jar:1.10.0]
	at org.junit.platform.launcher.core.SessionPerRequestLauncher.execute(SessionPerRequestLauncher.java:63) [junit-platform-launcher-1.10.0.jar:1.10.0]
	at com.intellij.junit5.JUnit5IdeaTestRunner.startRunnerWithArgs(JUnit5IdeaTestRunner.java:57) [junit5-rt.jar:?]
	at com.intellij.rt.junit.IdeaTestRunner$Repeater$1.execute(IdeaTestRunner.java:38) [junit-rt.jar:?]
	at com.intellij.rt.execution.junit.TestsRepeater.repeat(TestsRepeater.java:11) [idea_rt.jar:?]
	at com.intellij.rt.junit.IdeaTestRunner$Repeater.startRunnerWithArgs(IdeaTestRunner.java:35) [junit-rt.jar:?]
	at com.intellij.rt.junit.JUnitStarter.prepareStreamsAndStart(JUnitStarter.java:232) [junit-rt.jar:?]
	at com.intellij.rt.junit.JUnitStarter.main(JUnitStarter.java:55) [junit-rt.jar:?]
2023-11-26 04:33:02 | INFO  | Utils:24 | started driver initialization...
2023-11-26 04:35:15 | INFO  | Utils:24 | started driver initialization...
2023-11-26 04:35:21 | INFO  | Utils:24 | started driver initialization...
2023-11-26 04:38:04 | INFO  | Utils:24 | started driver initialization...
2023-11-26 04:38:10 | INFO  | Utils:24 | started driver initialization...
